2024-07-05 00:06:09 DEBUG: Registering email: test@gmail.com
2024-07-05 00:06:09 DEBUG: Register email: test@gmail.com Successfully
2024-07-05 00:06:09 DEBUG: Registering email: test@gmail.com
2024-07-05 00:06:09 DEBUG: Registering email: test@gmail.com
2024-07-05 00:06:09 INFO: ✅ PostgreSQL connected successfully!
2024-07-05 00:06:09 INFO: ✅ PostgreSQL connected successfully!
2024-07-05 00:06:09 DEBUG: Using HS256 algorithm to sign token: mockedToken
2024-07-05 00:06:16 DEBUG: Registering email: test@gmail.com
2024-07-05 00:06:16 INFO: ✅ PostgreSQL connected successfully!
2024-07-05 00:06:16 DEBUG: Register email: test@gmail.com Successfully
2024-07-05 00:06:16 DEBUG: Registering email: test@gmail.com
2024-07-05 00:06:16 DEBUG: Registering email: test@gmail.com
2024-07-05 00:06:16 DEBUG: Using HS256 algorithm to sign token: mockedToken
2024-07-05 00:06:17 DEBUG: Start getting blogs
2024-07-05 00:06:17 DEBUG: Getting all blogs success
2024-07-05 00:06:17 INFO: ✅ PostgreSQL connected successfully!
2024-07-05 00:06:17 INFO: ✅ PostgreSQL connected successfully!
2024-07-05 00:06:17 DEBUG: Start creating blog: mockTitle
2024-07-05 00:06:17 DEBUG: Blog data: [object Object]
2024-07-05 00:06:17 DEBUG: Create blog: mockTitle Successfully
2024-07-05 00:06:17 DEBUG: Start creating blog: mockTitle
2024-07-05 00:06:17 ERROR: ER_001[400] | AppError: Image is required
2024-07-05 00:06:17 DEBUG: Start updating blog: mockTitle
2024-07-05 00:06:17 DEBUG: [Update] Blog id: 1
2024-07-05 00:06:17 DEBUG: Update blog: mockTitle successfully
2024-07-05 00:06:17 DEBUG: Start updating blog: mockTitle
2024-07-05 00:06:17 ERROR: ER_001[400] | AppError: Image not found
2024-07-05 00:06:17 DEBUG: Start deleting blog
2024-07-05 00:06:17 DEBUG: Done deleting blog
2024-07-05 00:06:17 DEBUG: Start deleting blog
2024-07-05 00:06:17 ERROR: ER_003[403] | AppError: Unauthorized to delete this blog
2024-07-05 00:06:17 DEBUG: [ID] Get blog: 1
2024-07-05 00:06:17 ERROR: NF_002[404] | AppError: Blog not found
2024-07-05 00:06:17 INFO: ✅ Server is running on http://localhost:8000
2024-07-05 00:06:17 DEBUG: Start Creating user
2024-07-05 00:06:17 DEBUG: Done Creating user
2024-07-05 00:06:17 INFO: ✅ PostgreSQL connected successfully!
2024-07-05 00:06:17 DEBUG: Start Creating user
2024-07-05 00:06:17 ERROR: ER_001[400] | AppError: All fields are required
2024-07-05 00:06:17 DEBUG: Starting login with email: test@gmail.com
2024-07-05 00:06:17 DEBUG: Login with email: test@gmail.com Success
2024-07-05 00:06:17 DEBUG: Starting login with email: test@gmail.com
2024-07-05 00:06:17 ERROR: ER_001[400] | AppError: Login fail (wrong email or password)
2024-07-05 00:06:17 INFO: ✅ PostgreSQL connected successfully!
2024-07-05 00:06:17 INFO: ✅ PostgreSQL connected successfully!
2024-07-05 00:06:17 DEBUG: AuthToken:
2024-07-05 00:06:17 DEBUG: [Token] Get email: test@gmail.com Success
2024-07-05 00:06:17 DEBUG: AuthToken:
2024-07-05 00:06:17 ERROR: ER_002[401] | AppError: User did not login yet
2024-07-05 00:06:17 DEBUG: [ID] Get email: test@gmail.com Success
2024-07-05 00:06:17 ERROR: NF_001[404] | AppError: User not found
2024-07-05 00:06:17 DEBUG: Clearing token: mockedToken success
2024-07-05 00:06:17 ERROR: Token not found
2024-07-05 00:06:17 ERROR: ER_002[401] | AppError: Unauthorized
2024-07-05 00:06:18 INFO: ✅ PostgreSQL connected successfully!
2024-07-05 00:06:18 INFO: ✅ PostgreSQL connected successfully!
2024-07-05 00:07:12 DEBUG: Start getting blogs
2024-07-05 00:07:12 DEBUG: Getting all blogs success
2024-07-05 00:07:12 INFO: ✅ PostgreSQL connected successfully!
2024-07-05 00:07:12 INFO: ✅ PostgreSQL connected successfully!
2024-07-05 00:07:12 INFO: ✅ PostgreSQL connected successfully!
2024-07-05 00:07:12 DEBUG: Start creating blog: mockTitle
2024-07-05 00:07:12 DEBUG: Blog data: [object Object]
2024-07-05 00:07:12 DEBUG: Create blog: mockTitle Successfully
2024-07-05 00:07:12 DEBUG: Start creating blog: mockTitle
2024-07-05 00:07:12 ERROR: ER_001[400] | AppError: Image is required
2024-07-05 00:07:12 DEBUG: Start updating blog: mockTitle
2024-07-05 00:07:12 DEBUG: [Update] Blog id: 1
2024-07-05 00:07:12 DEBUG: Update blog: mockTitle successfully
2024-07-05 00:07:12 DEBUG: Start updating blog: mockTitle
2024-07-05 00:07:12 ERROR: ER_001[400] | AppError: Image not found
2024-07-05 00:07:12 DEBUG: Start deleting blog
2024-07-05 00:07:12 DEBUG: Done deleting blog
2024-07-05 00:07:12 DEBUG: Start deleting blog
2024-07-05 00:07:12 ERROR: ER_003[403] | AppError: Unauthorized to delete this blog
2024-07-05 00:07:12 DEBUG: [ID] Get blog: 1
2024-07-05 00:07:12 ERROR: NF_002[404] | AppError: Blog not found
2024-07-05 00:07:12 DEBUG: Registering email: test@gmail.com
2024-07-05 00:07:12 INFO: ✅ PostgreSQL connected successfully!
2024-07-05 00:07:12 DEBUG: Register email: test@gmail.com Successfully
2024-07-05 00:07:12 DEBUG: Registering email: test@gmail.com
2024-07-05 00:07:12 DEBUG: Registering email: test@gmail.com
2024-07-05 00:07:12 DEBUG: Using HS256 algorithm to sign token: mockedToken
2024-07-05 00:07:13 INFO: ✅ Server is running on http://localhost:8000
2024-07-05 00:07:13 INFO: ✅ PostgreSQL connected successfully!
2024-07-05 00:07:13 DEBUG: Start Creating user
2024-07-05 00:07:13 DEBUG: Done Creating user
2024-07-05 00:07:13 DEBUG: Start Creating user
2024-07-05 00:07:13 ERROR: ER_001[400] | AppError: All fields are required
2024-07-05 00:07:13 DEBUG: Starting login with email: test@gmail.com
2024-07-05 00:07:13 DEBUG: Login with email: test@gmail.com Success
2024-07-05 00:07:13 DEBUG: Starting login with email: test@gmail.com
2024-07-05 00:07:13 ERROR: ER_001[400] | AppError: Login fail (wrong email or password)
2024-07-05 00:07:13 INFO: ✅ PostgreSQL connected successfully!
2024-07-05 00:07:13 DEBUG: AuthToken:
2024-07-05 00:07:13 DEBUG: [Token] Get email: test@gmail.com Success
2024-07-05 00:07:13 INFO: ✅ PostgreSQL connected successfully!
2024-07-05 00:07:13 DEBUG: AuthToken:
2024-07-05 00:07:13 ERROR: ER_002[401] | AppError: User did not login yet
2024-07-05 00:07:13 DEBUG: [ID] Get email: test@gmail.com Success
2024-07-05 00:07:13 ERROR: NF_001[404] | AppError: User not found
2024-07-05 00:07:13 DEBUG: Clearing token: mockedToken success
2024-07-05 00:07:13 ERROR: Token not found
2024-07-05 00:07:13 ERROR: ER_002[401] | AppError: Unauthorized
2024-07-05 00:07:13 INFO: ✅ PostgreSQL connected successfully!
2024-07-05 00:07:30 DEBUG: Start creating blog: newTitle123
2024-07-05 00:07:30 ERROR: ER_002[401] | AppError: User did not login yet
2024-07-05 00:07:34 DEBUG: Starting login with email: test1@gmail.com
2024-07-05 00:07:34 DEBUG: Using HS256 algorithm to sign token: eyJhbGciOiJIUzI1NiIsInR5cCI6IkpXVCJ9.eyJpZCI6MSwiZW1haWwiOiJ0ZXN0MUBnbWFpbC5jb20iLCJpYXQiOjE3MjAxMTI4NTQsImV4cCI6MTcyMDExNjQ1NCwiaXNzIjoicnl1cG9sIn0.Bng_jrkXgbVGd2NqwLt3nSL2sDsDDjgHj4eHTa1j3A4
2024-07-05 00:07:34 DEBUG: Login with email: test1@gmail.com Success
2024-07-05 00:07:37 DEBUG: Start creating blog: newTitle123
2024-07-05 00:07:37 DEBUG: Blog data: [object Object]
2024-07-05 00:07:39 DEBUG: Create blog: newTitle123 Successfully
2024-07-05 00:08:00 DEBUG: Start updating blog: newTitle2
2024-07-05 00:08:00 DEBUG: [Update] Blog id: 3
2024-07-05 00:08:03 DEBUG: Update blog: newTitle2 successfully
2024-07-05 00:08:07 DEBUG: Start getting blogs
2024-07-05 00:08:07 DEBUG: Getting all blogs success
2024-07-05 00:08:54 DEBUG: Start deleting blog
2024-07-05 00:08:57 DEBUG: Done deleting blog
2024-07-05 00:09:04 DEBUG: Start getting blogs
2024-07-05 00:09:04 DEBUG: Getting all blogs success
2024-07-05 00:09:12 DEBUG: Start deleting blog
2024-07-05 00:09:14 DEBUG: Done deleting blog
2024-07-05 00:09:34 DEBUG: Start getting blogs
2024-07-05 00:09:34 DEBUG: Getting all blogs success
2024-07-05 00:09:39 DEBUG: Start deleting blog
2024-07-05 00:09:41 DEBUG: Done deleting blog
2024-07-05 00:09:57 DEBUG: Start creating blog: newTitle123
2024-07-05 00:09:57 DEBUG: Blog data: [object Object]
2024-07-05 00:09:59 DEBUG: Create blog: newTitle123 Successfully
2024-07-05 00:10:08 DEBUG: Start getting blogs
2024-07-05 00:10:08 DEBUG: Getting all blogs success
2024-07-05 00:10:31 DEBUG: Start updating blog: newTitle2
2024-07-05 00:10:31 DEBUG: [Update] Blog id: 5
2024-07-05 00:10:34 DEBUG: Update blog: newTitle2 successfully
2024-07-05 00:10:50 DEBUG: Start deleting blog
2024-07-05 00:10:52 DEBUG: Done deleting blog
2024-07-05 00:11:05 DEBUG: Start getting blogs
2024-07-05 00:11:05 DEBUG: Getting all blogs success
2024-07-05 00:11:05 INFO: ✅ PostgreSQL connected successfully!
2024-07-05 00:11:05 INFO: ✅ PostgreSQL connected successfully!
2024-07-05 00:11:05 INFO: ✅ PostgreSQL connected successfully!
2024-07-05 00:11:05 DEBUG: Start creating blog: mockTitle
2024-07-05 00:11:05 DEBUG: Blog data: [object Object]
2024-07-05 00:11:05 DEBUG: Create blog: mockTitle Successfully
2024-07-05 00:11:05 DEBUG: Start creating blog: mockTitle
2024-07-05 00:11:05 ERROR: ER_001[400] | AppError: Image is required
2024-07-05 00:11:05 DEBUG: Start updating blog: mockTitle
2024-07-05 00:11:05 DEBUG: [Update] Blog id: 1
2024-07-05 00:11:05 DEBUG: Update blog: mockTitle successfully
2024-07-05 00:11:05 DEBUG: Start updating blog: mockTitle
2024-07-05 00:11:05 ERROR: ER_001[400] | AppError: Image not found
2024-07-05 00:11:05 DEBUG: Start deleting blog
2024-07-05 00:11:05 DEBUG: Done deleting blog
2024-07-05 00:11:05 DEBUG: Start deleting blog
2024-07-05 00:11:05 ERROR: ER_003[403] | AppError: Unauthorized to delete this blog
2024-07-05 00:11:05 DEBUG: [ID] Get blog: 1
2024-07-05 00:11:05 ERROR: NF_002[404] | AppError: Blog not found
2024-07-05 00:11:05 DEBUG: Start Creating user
2024-07-05 00:11:05 DEBUG: Done Creating user
2024-07-05 00:11:05 DEBUG: Start Creating user
2024-07-05 00:11:05 ERROR: ER_001[400] | AppError: All fields are required
2024-07-05 00:11:05 DEBUG: Starting login with email: test@gmail.com
2024-07-05 00:11:05 DEBUG: Login with email: test@gmail.com Success
2024-07-05 00:11:06 DEBUG: Starting login with email: test@gmail.com
2024-07-05 00:11:06 ERROR: ER_001[400] | AppError: Login fail (wrong email or password)
2024-07-05 00:11:06 DEBUG: AuthToken:
2024-07-05 00:11:06 DEBUG: [Token] Get email: test@gmail.com Success
2024-07-05 00:11:06 INFO: ✅ PostgreSQL connected successfully!
2024-07-05 00:11:06 INFO: ✅ PostgreSQL connected successfully!
2024-07-05 00:11:06 DEBUG: AuthToken:
2024-07-05 00:11:06 ERROR: ER_002[401] | AppError: User did not login yet
2024-07-05 00:11:06 DEBUG: [ID] Get email: test@gmail.com Success
2024-07-05 00:11:06 ERROR: NF_001[404] | AppError: User not found
2024-07-05 00:11:06 DEBUG: Clearing token: mockedToken success
2024-07-05 00:11:06 ERROR: Token not found
2024-07-05 00:11:06 ERROR: ER_002[401] | AppError: Unauthorized
2024-07-05 00:11:06 DEBUG: Registering email: test@gmail.com
2024-07-05 00:11:06 INFO: ✅ PostgreSQL connected successfully!
2024-07-05 00:11:06 DEBUG: Register email: test@gmail.com Successfully
2024-07-05 00:11:06 DEBUG: Registering email: test@gmail.com
2024-07-05 00:11:06 DEBUG: Registering email: test@gmail.com
2024-07-05 00:11:06 INFO: ✅ Server is running on http://localhost:8000
2024-07-05 00:11:06 INFO: ✅ PostgreSQL connected successfully!
2024-07-05 00:11:06 DEBUG: Using HS256 algorithm to sign token: mockedToken
2024-07-05 00:11:06 INFO: ✅ PostgreSQL connected successfully!
2024-07-05 00:11:26 DEBUG: Start getting blogs
2024-07-05 00:11:26 DEBUG: Getting all blogs success
2024-07-05 00:11:26 INFO: ✅ PostgreSQL connected successfully!
2024-07-05 00:11:26 INFO: ✅ PostgreSQL connected successfully!
2024-07-05 00:11:26 INFO: ✅ PostgreSQL connected successfully!
2024-07-05 00:11:26 DEBUG: Start creating blog: mockTitle
2024-07-05 00:11:26 DEBUG: Blog data: [object Object]
2024-07-05 00:11:26 DEBUG: Create blog: mockTitle Successfully
2024-07-05 00:11:26 DEBUG: Start creating blog: mockTitle
2024-07-05 00:11:26 ERROR: ER_001[400] | AppError: Image is required
2024-07-05 00:11:26 DEBUG: Start updating blog: mockTitle
2024-07-05 00:11:26 DEBUG: [Update] Blog id: 1
2024-07-05 00:11:26 DEBUG: Update blog: mockTitle successfully
2024-07-05 00:11:26 DEBUG: Start updating blog: mockTitle
2024-07-05 00:11:26 ERROR: ER_001[400] | AppError: Image not found
2024-07-05 00:11:26 DEBUG: Start deleting blog
2024-07-05 00:11:26 DEBUG: Done deleting blog
2024-07-05 00:11:26 DEBUG: Start deleting blog
2024-07-05 00:11:26 ERROR: ER_003[403] | AppError: Unauthorized to delete this blog
2024-07-05 00:11:26 DEBUG: [ID] Get blog: 1
2024-07-05 00:11:26 ERROR: NF_002[404] | AppError: Blog not found
2024-07-05 00:11:27 DEBUG: Start Creating user
2024-07-05 00:11:27 ERROR: ❌ Error connecting to PostgreSQL read ECONNRESET
2024-07-05 00:11:27 DEBUG: Done Creating user
2024-07-05 00:11:27 ERROR: ❌ Error connecting to PostgreSQL read ECONNRESET
2024-07-05 00:11:27 DEBUG: Start Creating user
2024-07-05 00:11:27 ERROR: ER_001[400] | AppError: All fields are required
2024-07-05 00:11:27 DEBUG: Starting login with email: test@gmail.com
2024-07-05 00:11:27 DEBUG: Login with email: test@gmail.com Success
2024-07-05 00:11:27 DEBUG: Starting login with email: test@gmail.com
2024-07-05 00:11:27 ERROR: ER_001[400] | AppError: Login fail (wrong email or password)
2024-07-05 00:11:27 DEBUG: AuthToken:
2024-07-05 00:11:27 DEBUG: [Token] Get email: test@gmail.com Success
2024-07-05 00:11:27 DEBUG: AuthToken:
2024-07-05 00:11:27 ERROR: ER_002[401] | AppError: User did not login yet
2024-07-05 00:11:27 DEBUG: [ID] Get email: test@gmail.com Success
2024-07-05 00:11:27 ERROR: NF_001[404] | AppError: User not found
2024-07-05 00:11:27 DEBUG: Clearing token: mockedToken success
2024-07-05 00:11:27 ERROR: Token not found
2024-07-05 00:11:27 ERROR: ER_002[401] | AppError: Unauthorized
2024-07-05 00:11:27 DEBUG: Registering email: test@gmail.com
2024-07-05 00:11:27 ERROR: ❌ Error connecting to PostgreSQL read ECONNRESET
2024-07-05 00:11:27 DEBUG: Register email: test@gmail.com Successfully
2024-07-05 00:11:27 DEBUG: Registering email: test@gmail.com
2024-07-05 00:11:27 DEBUG: Registering email: test@gmail.com
2024-07-05 00:11:27 DEBUG: Using HS256 algorithm to sign token: mockedToken
2024-07-05 00:11:27 ERROR: ❌ Error connecting to PostgreSQL
2024-07-05 00:12:36 ERROR: ❌ Error connecting to PostgreSQL
2024-07-05 00:12:36 DEBUG: Start Creating user
2024-07-05 00:12:36 ERROR: ❌ Error connecting to PostgreSQL
2024-07-05 00:12:36 DEBUG: Done Creating user
2024-07-05 00:12:36 ERROR: ❌ Error connecting to PostgreSQL
2024-07-05 00:12:36 DEBUG: Start Creating user
2024-07-05 00:12:36 ERROR: ER_001[400] | AppError: All fields are required
2024-07-05 00:12:36 DEBUG: Starting login with email: test@gmail.com
2024-07-05 00:12:36 DEBUG: Login with email: test@gmail.com Success
2024-07-05 00:12:36 DEBUG: Starting login with email: test@gmail.com
2024-07-05 00:12:36 ERROR: ER_001[400] | AppError: Login fail (wrong email or password)
2024-07-05 00:12:36 DEBUG: AuthToken:
2024-07-05 00:12:36 DEBUG: [Token] Get email: test@gmail.com Success
2024-07-05 00:12:36 DEBUG: AuthToken:
2024-07-05 00:12:36 ERROR: ER_002[401] | AppError: User did not login yet
2024-07-05 00:12:36 DEBUG: [ID] Get email: test@gmail.com Success
2024-07-05 00:12:36 ERROR: NF_001[404] | AppError: User not found
2024-07-05 00:12:36 DEBUG: Clearing token: mockedToken success
2024-07-05 00:12:36 ERROR: Token not found
2024-07-05 00:12:36 ERROR: ER_002[401] | AppError: Unauthorized
2024-07-05 00:12:36 DEBUG: Start getting blogs
2024-07-05 00:12:36 ERROR: ❌ Error connecting to PostgreSQL
2024-07-05 00:12:36 ERROR: ❌ Error connecting to PostgreSQL
2024-07-05 00:12:36 DEBUG: Getting all blogs success
2024-07-05 00:12:36 DEBUG: Start creating blog: mockTitle
2024-07-05 00:12:36 DEBUG: Blog data: [object Object]
2024-07-05 00:12:36 DEBUG: Create blog: mockTitle Successfully
2024-07-05 00:12:36 DEBUG: Start creating blog: mockTitle
2024-07-05 00:12:36 ERROR: ER_001[400] | AppError: Image is required
2024-07-05 00:12:36 DEBUG: Start updating blog: mockTitle
2024-07-05 00:12:36 DEBUG: [Update] Blog id: 1
2024-07-05 00:12:36 DEBUG: Update blog: mockTitle successfully
2024-07-05 00:12:36 DEBUG: Start updating blog: mockTitle
2024-07-05 00:12:36 ERROR: ER_001[400] | AppError: Image not found
2024-07-05 00:12:36 DEBUG: Start deleting blog
2024-07-05 00:12:36 DEBUG: Done deleting blog
2024-07-05 00:12:36 DEBUG: Start deleting blog
2024-07-05 00:12:36 ERROR: ER_003[403] | AppError: Unauthorized to delete this blog
2024-07-05 00:12:36 DEBUG: [ID] Get blog: 1
2024-07-05 00:12:36 ERROR: NF_002[404] | AppError: Blog not found
2024-07-05 00:12:36 DEBUG: Registering email: test@gmail.com
2024-07-05 00:12:36 ERROR: ❌ Error connecting to PostgreSQL
2024-07-05 00:12:36 DEBUG: Register email: test@gmail.com Successfully
2024-07-05 00:12:36 DEBUG: Registering email: test@gmail.com
2024-07-05 00:12:36 DEBUG: Registering email: test@gmail.com
2024-07-05 00:12:37 DEBUG: Using HS256 algorithm to sign token: mockedToken
2024-07-05 00:12:37 ERROR: ❌ Error connecting to PostgreSQL
2024-07-05 00:12:51 ERROR: ❌ Error connecting to PostgreSQL
2024-07-05 00:12:51 DEBUG: Start Creating user
2024-07-05 00:12:51 ERROR: ❌ Error connecting to PostgreSQL
2024-07-05 00:12:51 DEBUG: Done Creating user
2024-07-05 00:12:51 ERROR: ❌ Error connecting to PostgreSQL
2024-07-05 00:12:51 DEBUG: Start Creating user
2024-07-05 00:12:51 ERROR: ER_001[400] | AppError: All fields are required
2024-07-05 00:12:51 DEBUG: Starting login with email: test@gmail.com
2024-07-05 00:12:51 DEBUG: Login with email: test@gmail.com Success
2024-07-05 00:12:51 DEBUG: Starting login with email: test@gmail.com
2024-07-05 00:12:51 ERROR: ER_001[400] | AppError: Login fail (wrong email or password)
2024-07-05 00:12:51 DEBUG: AuthToken:
2024-07-05 00:12:51 DEBUG: [Token] Get email: test@gmail.com Success
2024-07-05 00:12:51 DEBUG: AuthToken:
2024-07-05 00:12:51 ERROR: ER_002[401] | AppError: User did not login yet
2024-07-05 00:12:51 DEBUG: [ID] Get email: test@gmail.com Success
2024-07-05 00:12:51 ERROR: NF_001[404] | AppError: User not found
2024-07-05 00:12:51 DEBUG: Clearing token: mockedToken success
2024-07-05 00:12:51 ERROR: Token not found
2024-07-05 00:12:51 ERROR: ER_002[401] | AppError: Unauthorized
2024-07-05 00:12:51 DEBUG: Start getting blogs
2024-07-05 00:12:51 ERROR: ❌ Error connecting to PostgreSQL
2024-07-05 00:12:51 ERROR: ❌ Error connecting to PostgreSQL
2024-07-05 00:12:51 DEBUG: Getting all blogs success
2024-07-05 00:12:51 DEBUG: Start creating blog: mockTitle
2024-07-05 00:12:51 DEBUG: Blog data: [object Object]
2024-07-05 00:12:51 DEBUG: Create blog: mockTitle Successfully
2024-07-05 00:12:51 DEBUG: Start creating blog: mockTitle
2024-07-05 00:12:51 ERROR: ER_001[400] | AppError: Image is required
2024-07-05 00:12:51 DEBUG: Start updating blog: mockTitle
2024-07-05 00:12:51 DEBUG: [Update] Blog id: 1
2024-07-05 00:12:51 DEBUG: Update blog: mockTitle successfully
2024-07-05 00:12:51 DEBUG: Start updating blog: mockTitle
2024-07-05 00:12:51 ERROR: ER_001[400] | AppError: Image not found
2024-07-05 00:12:51 DEBUG: Start deleting blog
2024-07-05 00:12:51 DEBUG: Done deleting blog
2024-07-05 00:12:51 DEBUG: Start deleting blog
2024-07-05 00:12:51 ERROR: ER_003[403] | AppError: Unauthorized to delete this blog
2024-07-05 00:12:51 DEBUG: [ID] Get blog: 1
2024-07-05 00:12:51 ERROR: NF_002[404] | AppError: Blog not found
2024-07-05 00:12:51 DEBUG: Registering email: test@gmail.com
2024-07-05 00:12:51 ERROR: ❌ Error connecting to PostgreSQL
2024-07-05 00:12:51 DEBUG: Register email: test@gmail.com Successfully
2024-07-05 00:12:51 DEBUG: Registering email: test@gmail.com
2024-07-05 00:12:51 DEBUG: Registering email: test@gmail.com
2024-07-05 00:12:52 DEBUG: Using HS256 algorithm to sign token: mockedToken
2024-07-05 00:12:52 ERROR: ❌ Error connecting to PostgreSQL
2024-07-05 00:12:54 ERROR: ❌ Error connecting to PostgreSQL
2024-07-05 00:14:56 ERROR: ❌ Error connecting to PostgreSQL
2024-07-05 00:16:31 ERROR: ❌ Error connecting to PostgreSQL
2024-07-05 00:16:31 ERROR: ❌ Error connecting to PostgreSQL
2024-07-05 09:52:54 DEBUG: Start Creating user
2024-07-05 09:52:54 DEBUG: Done Creating user
2024-07-05 09:52:54 ERROR: ❌ Error connecting to PostgreSQL
2024-07-05 09:52:54 ERROR: ❌ Error connecting to PostgreSQL
2024-07-05 09:52:54 ERROR: ❌ Error connecting to PostgreSQL
2024-07-05 09:52:54 DEBUG: Start Creating user
2024-07-05 09:52:54 ERROR: ER_001[400] | AppError: All fields are required
2024-07-05 09:52:54 DEBUG: Starting login with email: test@gmail.com
2024-07-05 09:52:54 DEBUG: Login with email: test@gmail.com Success
2024-07-05 09:52:54 DEBUG: Starting login with email: test@gmail.com
2024-07-05 09:52:54 ERROR: ER_001[400] | AppError: Login fail (wrong email or password)
2024-07-05 09:52:54 DEBUG: AuthToken:
2024-07-05 09:52:54 DEBUG: [Token] Get email: test@gmail.com Success
2024-07-05 09:52:54 DEBUG: AuthToken:
2024-07-05 09:52:54 ERROR: ER_002[401] | AppError: User did not login yet
2024-07-05 09:52:54 DEBUG: [ID] Get email: test@gmail.com Success
2024-07-05 09:52:54 ERROR: NF_001[404] | AppError: User not found
2024-07-05 09:52:54 DEBUG: Clearing token: mockedToken success
2024-07-05 09:52:54 ERROR: Token not found
2024-07-05 09:52:54 ERROR: ER_002[401] | AppError: Unauthorized
2024-07-05 09:52:54 DEBUG: Start getting blogs
2024-07-05 09:52:54 ERROR: ❌ Error connecting to PostgreSQL
2024-07-05 09:52:54 ERROR: ❌ Error connecting to PostgreSQL
2024-07-05 09:52:54 DEBUG: Getting all blogs success
2024-07-05 09:52:54 DEBUG: Start creating blog: mockTitle
2024-07-05 09:52:54 DEBUG: Blog data: [object Object]
2024-07-05 09:52:54 DEBUG: Create blog: mockTitle Successfully
2024-07-05 09:52:54 DEBUG: Start creating blog: mockTitle
2024-07-05 09:52:54 ERROR: ER_001[400] | AppError: Image is required
2024-07-05 09:52:54 DEBUG: Start updating blog: mockTitle
2024-07-05 09:52:54 DEBUG: [Update] Blog id: 1
2024-07-05 09:52:54 DEBUG: Update blog: mockTitle successfully
2024-07-05 09:52:54 DEBUG: Start updating blog: mockTitle
2024-07-05 09:52:54 ERROR: ER_001[400] | AppError: Image not found
2024-07-05 09:52:54 DEBUG: Start deleting blog
2024-07-05 09:52:54 DEBUG: Done deleting blog
2024-07-05 09:52:54 DEBUG: Start deleting blog
2024-07-05 09:52:54 ERROR: ER_003[403] | AppError: Unauthorized to delete this blog
2024-07-05 09:52:54 DEBUG: [ID] Get blog: 1
2024-07-05 09:52:54 ERROR: NF_002[404] | AppError: Blog not found
2024-07-05 09:52:54 DEBUG: Registering email: test@gmail.com
2024-07-05 09:52:54 ERROR: ❌ Error connecting to PostgreSQL
2024-07-05 09:52:55 DEBUG: Register email: test@gmail.com Successfully
2024-07-05 09:52:55 DEBUG: Registering email: test@gmail.com
2024-07-05 09:52:55 DEBUG: Registering email: test@gmail.com
2024-07-05 09:52:55 DEBUG: Using HS256 algorithm to sign token: mockedToken
2024-07-05 09:52:55 ERROR: ❌ Error connecting to PostgreSQL
2024-07-05 10:01:45 ERROR: ❌ Error connecting to PostgreSQL
2024-07-05 10:01:45 DEBUG: Start Creating user
2024-07-05 10:01:45 ERROR: ❌ Error connecting to PostgreSQL
2024-07-05 10:01:45 DEBUG: Done Creating user
2024-07-05 10:01:45 ERROR: ❌ Error connecting to PostgreSQL
2024-07-05 10:01:45 DEBUG: Start Creating user
2024-07-05 10:01:45 ERROR: ER_001[400] | AppError: All fields are required
2024-07-05 10:01:45 DEBUG: Starting login with email: test@gmail.com
2024-07-05 10:01:45 DEBUG: Login with email: test@gmail.com Success
2024-07-05 10:01:45 DEBUG: Starting login with email: test@gmail.com
2024-07-05 10:01:45 ERROR: ER_001[400] | AppError: Login fail (wrong email or password)
2024-07-05 10:01:45 DEBUG: AuthToken:
2024-07-05 10:01:45 DEBUG: [Token] Get email: test@gmail.com Success
2024-07-05 10:01:45 DEBUG: AuthToken:
2024-07-05 10:01:45 ERROR: ER_002[401] | AppError: User did not login yet
2024-07-05 10:01:45 DEBUG: [ID] Get email: test@gmail.com Success
2024-07-05 10:01:45 ERROR: NF_001[404] | AppError: User not found
2024-07-05 10:01:45 DEBUG: Clearing token: mockedToken success
2024-07-05 10:01:45 ERROR: Token not found
2024-07-05 10:01:45 ERROR: ER_002[401] | AppError: Unauthorized
2024-07-05 10:01:45 DEBUG: Start getting blogs
2024-07-05 10:01:45 ERROR: ❌ Error connecting to PostgreSQL
2024-07-05 10:01:45 ERROR: ❌ Error connecting to PostgreSQL
2024-07-05 10:01:45 DEBUG: Getting all blogs success
2024-07-05 10:01:45 DEBUG: Start creating blog: mockTitle
2024-07-05 10:01:45 DEBUG: Blog data: [object Object]
2024-07-05 10:01:45 DEBUG: Create blog: mockTitle Successfully
2024-07-05 10:01:45 DEBUG: Start creating blog: mockTitle
2024-07-05 10:01:45 ERROR: ER_001[400] | AppError: Image is required
2024-07-05 10:01:45 DEBUG: Start updating blog: mockTitle
2024-07-05 10:01:45 DEBUG: [Update] Blog id: 1
2024-07-05 10:01:45 DEBUG: Update blog: mockTitle successfully
2024-07-05 10:01:45 DEBUG: Start updating blog: mockTitle
2024-07-05 10:01:45 ERROR: ER_001[400] | AppError: Image not found
2024-07-05 10:01:45 DEBUG: Start deleting blog
2024-07-05 10:01:45 DEBUG: Done deleting blog
2024-07-05 10:01:45 DEBUG: Start deleting blog
2024-07-05 10:01:45 ERROR: ER_003[403] | AppError: Unauthorized to delete this blog
2024-07-05 10:01:45 DEBUG: [ID] Get blog: 1
2024-07-05 10:01:45 ERROR: NF_002[404] | AppError: Blog not found
2024-07-05 10:01:46 DEBUG: Registering email: test@gmail.com
2024-07-05 10:01:46 ERROR: ❌ Error connecting to PostgreSQL
2024-07-05 10:01:46 DEBUG: Register email: test@gmail.com Successfully
2024-07-05 10:01:46 DEBUG: Registering email: test@gmail.com
2024-07-05 10:01:46 DEBUG: Registering email: test@gmail.com
2024-07-05 10:01:46 DEBUG: Using HS256 algorithm to sign token: mockedToken
2024-07-05 10:01:46 ERROR: ❌ Error connecting to PostgreSQL
2024-07-05 10:02:23 ERROR: ❌ Error connecting to PostgreSQL
2024-07-05 10:02:23 DEBUG: Start Creating user
2024-07-05 10:02:23 DEBUG: Done Creating user
2024-07-05 10:02:23 ERROR: ❌ Error connecting to PostgreSQL
2024-07-05 10:02:23 ERROR: ❌ Error connecting to PostgreSQL
2024-07-05 10:02:23 DEBUG: Start Creating user
2024-07-05 10:02:23 ERROR: ER_001[400] | AppError: All fields are required
2024-07-05 10:02:23 DEBUG: Starting login with email: test@gmail.com
2024-07-05 10:02:23 DEBUG: Login with email: test@gmail.com Success
2024-07-05 10:02:23 DEBUG: Starting login with email: test@gmail.com
2024-07-05 10:02:23 ERROR: ER_001[400] | AppError: Login fail (wrong email or password)
2024-07-05 10:02:23 DEBUG: AuthToken:
2024-07-05 10:02:23 DEBUG: [Token] Get email: test@gmail.com Success
2024-07-05 10:02:23 DEBUG: AuthToken:
2024-07-05 10:02:23 ERROR: ER_002[401] | AppError: User did not login yet
2024-07-05 10:02:23 DEBUG: [ID] Get email: test@gmail.com Success
2024-07-05 10:02:23 ERROR: NF_001[404] | AppError: User not found
2024-07-05 10:02:23 DEBUG: Clearing token: mockedToken success
2024-07-05 10:02:23 ERROR: Token not found
2024-07-05 10:02:23 ERROR: ER_002[401] | AppError: Unauthorized
2024-07-05 10:02:24 DEBUG: Start getting blogs
2024-07-05 10:02:24 ERROR: ❌ Error connecting to PostgreSQL
2024-07-05 10:02:24 ERROR: ❌ Error connecting to PostgreSQL
2024-07-05 10:02:24 DEBUG: Getting all blogs success
2024-07-05 10:02:24 DEBUG: Start creating blog: mockTitle
2024-07-05 10:02:24 DEBUG: Blog data: [object Object]
2024-07-05 10:02:24 DEBUG: Create blog: mockTitle Successfully
2024-07-05 10:02:24 DEBUG: Start creating blog: mockTitle
2024-07-05 10:02:24 ERROR: ER_001[400] | AppError: Image is required
2024-07-05 10:02:24 DEBUG: Start updating blog: mockTitle
2024-07-05 10:02:24 DEBUG: [Update] Blog id: 1
2024-07-05 10:02:24 DEBUG: Update blog: mockTitle successfully
2024-07-05 10:02:24 DEBUG: Start updating blog: mockTitle
2024-07-05 10:02:24 ERROR: ER_001[400] | AppError: Image not found
2024-07-05 10:02:24 DEBUG: Start deleting blog
2024-07-05 10:02:24 DEBUG: Done deleting blog
2024-07-05 10:02:24 DEBUG: Start deleting blog
2024-07-05 10:02:24 ERROR: ER_003[403] | AppError: Unauthorized to delete this blog
2024-07-05 10:02:24 DEBUG: [ID] Get blog: 1
2024-07-05 10:02:24 ERROR: NF_002[404] | AppError: Blog not found
2024-07-05 10:02:24 DEBUG: Registering email: test@gmail.com
2024-07-05 10:02:24 ERROR: ❌ Error connecting to PostgreSQL
2024-07-05 10:02:24 DEBUG: Register email: test@gmail.com Successfully
2024-07-05 10:02:24 DEBUG: Registering email: test@gmail.com
2024-07-05 10:02:24 DEBUG: Registering email: test@gmail.com
2024-07-05 10:02:24 DEBUG: Using HS256 algorithm to sign token: mockedToken
2024-07-05 10:02:24 ERROR: ❌ Error connecting to PostgreSQL
2024-07-05 10:03:26 ERROR: ❌ Error connecting to PostgreSQL
2024-07-05 10:03:31 DEBUG: Start Creating user
2024-07-05 10:03:31 DEBUG: Done Creating user
2024-07-05 10:03:31 ERROR: ❌ Error connecting to PostgreSQL
2024-07-05 10:03:31 ERROR: ❌ Error connecting to PostgreSQL
2024-07-05 10:03:31 DEBUG: Start Creating user
2024-07-05 10:03:31 ERROR: ER_001[400] | AppError: All fields are required
2024-07-05 10:03:31 DEBUG: Starting login with email: test@gmail.com
2024-07-05 10:03:31 DEBUG: Login with email: test@gmail.com Success
2024-07-05 10:03:31 DEBUG: Starting login with email: test@gmail.com
2024-07-05 10:03:31 ERROR: ER_001[400] | AppError: Login fail (wrong email or password)
2024-07-05 10:03:31 DEBUG: AuthToken:
2024-07-05 10:03:31 DEBUG: [Token] Get email: test@gmail.com Success
2024-07-05 10:03:31 DEBUG: AuthToken:
2024-07-05 10:03:31 ERROR: ER_002[401] | AppError: User did not login yet
2024-07-05 10:03:31 DEBUG: [ID] Get email: test@gmail.com Success
2024-07-05 10:03:31 ERROR: NF_001[404] | AppError: User not found
2024-07-05 10:03:31 DEBUG: Clearing token: mockedToken success
2024-07-05 10:03:31 ERROR: Token not found
2024-07-05 10:03:31 ERROR: ER_002[401] | AppError: Unauthorized
2024-07-05 10:03:31 DEBUG: Start getting blogs
2024-07-05 10:03:31 ERROR: ❌ Error connecting to PostgreSQL
2024-07-05 10:03:31 ERROR: ❌ Error connecting to PostgreSQL
2024-07-05 10:03:31 DEBUG: Getting all blogs success
2024-07-05 10:03:31 DEBUG: Start creating blog: mockTitle
2024-07-05 10:03:31 DEBUG: Blog data: [object Object]
2024-07-05 10:03:31 DEBUG: Create blog: mockTitle Successfully
2024-07-05 10:03:31 DEBUG: Start creating blog: mockTitle
2024-07-05 10:03:31 ERROR: ER_001[400] | AppError: Image is required
2024-07-05 10:03:31 DEBUG: Start updating blog: mockTitle
2024-07-05 10:03:31 DEBUG: [Update] Blog id: 1
2024-07-05 10:03:31 DEBUG: Update blog: mockTitle successfully
2024-07-05 10:03:31 DEBUG: Start updating blog: mockTitle
2024-07-05 10:03:31 ERROR: ER_001[400] | AppError: Image not found
2024-07-05 10:03:31 DEBUG: Start deleting blog
2024-07-05 10:03:31 DEBUG: Done deleting blog
2024-07-05 10:03:31 DEBUG: Start deleting blog
2024-07-05 10:03:31 ERROR: ER_003[403] | AppError: Unauthorized to delete this blog
2024-07-05 10:03:31 DEBUG: [ID] Get blog: 1
2024-07-05 10:03:31 ERROR: NF_002[404] | AppError: Blog not found
2024-07-05 10:03:31 DEBUG: Registering email: test@gmail.com
2024-07-05 10:03:31 ERROR: ❌ Error connecting to PostgreSQL
2024-07-05 10:03:31 DEBUG: Register email: test@gmail.com Successfully
2024-07-05 10:03:31 DEBUG: Registering email: test@gmail.com
2024-07-05 10:03:31 DEBUG: Registering email: test@gmail.com
2024-07-05 10:03:31 DEBUG: Using HS256 algorithm to sign token: mockedToken
2024-07-05 10:03:32 ERROR: ❌ Error connecting to PostgreSQL
2024-07-05 10:06:07 ERROR: ❌ Error connecting to PostgreSQL
2024-07-05 10:06:12 DEBUG: Start Creating user
2024-07-05 10:06:12 DEBUG: Done Creating user
2024-07-05 10:06:12 ERROR: ❌ Error connecting to PostgreSQL
2024-07-05 10:06:12 ERROR: ❌ Error connecting to PostgreSQL
2024-07-05 10:06:12 DEBUG: Start Creating user
2024-07-05 10:06:12 ERROR: ER_001[400] | AppError: All fields are required
2024-07-05 10:06:12 DEBUG: Starting login with email: test@gmail.com
2024-07-05 10:06:12 DEBUG: Login with email: test@gmail.com Success
2024-07-05 10:06:12 DEBUG: Starting login with email: test@gmail.com
2024-07-05 10:06:12 ERROR: ER_001[400] | AppError: Login fail (wrong email or password)
2024-07-05 10:06:12 DEBUG: AuthToken:
2024-07-05 10:06:12 DEBUG: [Token] Get email: test@gmail.com Success
2024-07-05 10:06:12 DEBUG: AuthToken:
2024-07-05 10:06:12 ERROR: ER_002[401] | AppError: User did not login yet
2024-07-05 10:06:12 DEBUG: [ID] Get email: test@gmail.com Success
2024-07-05 10:06:12 ERROR: NF_001[404] | AppError: User not found
2024-07-05 10:06:12 DEBUG: Clearing token: mockedToken success
2024-07-05 10:06:12 ERROR: Token not found
2024-07-05 10:06:12 ERROR: ER_002[401] | AppError: Unauthorized
2024-07-05 10:06:12 DEBUG: Start getting blogs
2024-07-05 10:06:12 DEBUG: Getting all blogs success
2024-07-05 10:06:12 ERROR: ❌ Error connecting to PostgreSQL
2024-07-05 10:06:12 ERROR: ❌ Error connecting to PostgreSQL
2024-07-05 10:06:12 DEBUG: Start creating blog: mockTitle
2024-07-05 10:06:12 DEBUG: Blog data: [object Object]
2024-07-05 10:06:12 DEBUG: Create blog: mockTitle Successfully
2024-07-05 10:06:12 DEBUG: Start creating blog: mockTitle
2024-07-05 10:06:12 ERROR: ER_001[400] | AppError: Image is required
2024-07-05 10:06:12 DEBUG: Start updating blog: mockTitle
2024-07-05 10:06:12 DEBUG: [Update] Blog id: 1
2024-07-05 10:06:12 DEBUG: Update blog: mockTitle successfully
2024-07-05 10:06:12 DEBUG: Start updating blog: mockTitle
2024-07-05 10:06:12 ERROR: ER_001[400] | AppError: Image not found
2024-07-05 10:06:12 DEBUG: Start deleting blog
2024-07-05 10:06:12 DEBUG: Done deleting blog
2024-07-05 10:06:12 DEBUG: Start deleting blog
2024-07-05 10:06:12 ERROR: ER_003[403] | AppError: Unauthorized to delete this blog
2024-07-05 10:06:12 DEBUG: [ID] Get blog: 1
2024-07-05 10:06:12 ERROR: NF_002[404] | AppError: Blog not found
2024-07-05 10:06:12 DEBUG: Registering email: test@gmail.com
2024-07-05 10:06:13 ERROR: ❌ Error connecting to PostgreSQL
2024-07-05 10:06:13 DEBUG: Register email: test@gmail.com Successfully
2024-07-05 10:06:13 DEBUG: Registering email: test@gmail.com
2024-07-05 10:06:13 DEBUG: Registering email: test@gmail.com
2024-07-05 10:06:13 DEBUG: Using HS256 algorithm to sign token: mockedToken
2024-07-05 10:06:13 ERROR: ❌ Error connecting to PostgreSQL
2024-07-05 10:07:53 ERROR: ❌ Error connecting to PostgreSQL
2024-07-05 10:07:53 DEBUG: Start Creating user
2024-07-05 10:07:53 ERROR: ❌ Error connecting to PostgreSQL
2024-07-05 10:07:53 DEBUG: Done Creating user
2024-07-05 10:07:53 ERROR: ❌ Error connecting to PostgreSQL
2024-07-05 10:07:53 DEBUG: Start Creating user
2024-07-05 10:07:53 ERROR: ER_001[400] | AppError: All fields are required
2024-07-05 10:07:53 DEBUG: Starting login with email: test@gmail.com
2024-07-05 10:07:53 DEBUG: Login with email: test@gmail.com Success
2024-07-05 10:07:53 DEBUG: Starting login with email: test@gmail.com
2024-07-05 10:07:53 ERROR: ER_001[400] | AppError: Login fail (wrong email or password)
2024-07-05 10:07:53 DEBUG: AuthToken:
2024-07-05 10:07:53 DEBUG: [Token] Get email: test@gmail.com Success
2024-07-05 10:07:53 DEBUG: AuthToken:
2024-07-05 10:07:53 ERROR: ER_002[401] | AppError: User did not login yet
2024-07-05 10:07:53 DEBUG: [ID] Get email: test@gmail.com Success
2024-07-05 10:07:53 ERROR: NF_001[404] | AppError: User not found
2024-07-05 10:07:53 DEBUG: Clearing token: mockedToken success
2024-07-05 10:07:53 ERROR: Token not found
2024-07-05 10:07:53 ERROR: ER_002[401] | AppError: Unauthorized
2024-07-05 10:07:53 DEBUG: Start getting blogs
2024-07-05 10:07:53 DEBUG: Getting all blogs success
2024-07-05 10:07:53 ERROR: ❌ Error connecting to PostgreSQL
2024-07-05 10:07:53 ERROR: ❌ Error connecting to PostgreSQL
2024-07-05 10:07:53 DEBUG: Start creating blog: mockTitle
2024-07-05 10:07:53 DEBUG: Blog data: [object Object]
2024-07-05 10:07:53 DEBUG: Create blog: mockTitle Successfully
2024-07-05 10:07:53 DEBUG: Start creating blog: mockTitle
2024-07-05 10:07:53 ERROR: ER_001[400] | AppError: Image is required
2024-07-05 10:07:53 DEBUG: Start updating blog: mockTitle
2024-07-05 10:07:53 DEBUG: [Update] Blog id: 1
2024-07-05 10:07:53 DEBUG: Update blog: mockTitle successfully
2024-07-05 10:07:53 DEBUG: Start updating blog: mockTitle
2024-07-05 10:07:53 ERROR: ER_001[400] | AppError: Image not found
2024-07-05 10:07:53 DEBUG: Start deleting blog
2024-07-05 10:07:53 DEBUG: Done deleting blog
2024-07-05 10:07:53 DEBUG: Start deleting blog
2024-07-05 10:07:53 ERROR: ER_003[403] | AppError: Unauthorized to delete this blog
2024-07-05 10:07:53 DEBUG: [ID] Get blog: 1
2024-07-05 10:07:53 ERROR: NF_002[404] | AppError: Blog not found
2024-07-05 10:07:54 DEBUG: Registering email: test@gmail.com
2024-07-05 10:07:54 ERROR: ❌ Error connecting to PostgreSQL
2024-07-05 10:07:54 DEBUG: Register email: test@gmail.com Successfully
2024-07-05 10:07:54 DEBUG: Registering email: test@gmail.com
2024-07-05 10:07:54 DEBUG: Registering email: test@gmail.com
2024-07-05 10:07:54 DEBUG: Using HS256 algorithm to sign token: mockedToken
2024-07-05 10:07:54 ERROR: ❌ Error connecting to PostgreSQL
2024-07-05 10:08:06 DEBUG: Start Creating user
2024-07-05 10:08:06 DEBUG: Done Creating user
2024-07-05 10:08:06 ERROR: ❌ Error connecting to PostgreSQL
2024-07-05 10:08:06 ERROR: ❌ Error connecting to PostgreSQL
2024-07-05 10:08:06 DEBUG: Start Creating user
2024-07-05 10:08:06 ERROR: ER_001[400] | AppError: All fields are required
2024-07-05 10:08:06 DEBUG: Starting login with email: test@gmail.com
2024-07-05 10:08:06 DEBUG: Login with email: test@gmail.com Success
2024-07-05 10:08:06 DEBUG: Starting login with email: test@gmail.com
2024-07-05 10:08:06 ERROR: ER_001[400] | AppError: Login fail (wrong email or password)
2024-07-05 10:08:06 DEBUG: AuthToken:
2024-07-05 10:08:06 DEBUG: [Token] Get email: test@gmail.com Success
2024-07-05 10:08:06 DEBUG: AuthToken:
2024-07-05 10:08:06 ERROR: ER_002[401] | AppError: User did not login yet
2024-07-05 10:08:06 DEBUG: [ID] Get email: test@gmail.com Success
2024-07-05 10:08:06 ERROR: NF_001[404] | AppError: User not found
2024-07-05 10:08:06 DEBUG: Clearing token: mockedToken success
2024-07-05 10:08:06 ERROR: Token not found
2024-07-05 10:08:06 ERROR: ER_002[401] | AppError: Unauthorized
2024-07-05 10:08:06 ERROR: ❌ Error connecting to PostgreSQL
2024-07-05 10:08:06 DEBUG: Start getting blogs
2024-07-05 10:08:06 ERROR: ❌ Error connecting to PostgreSQL
2024-07-05 10:08:06 ERROR: ❌ Error connecting to PostgreSQL
2024-07-05 10:08:06 DEBUG: Getting all blogs success
2024-07-05 10:08:06 DEBUG: Start creating blog: mockTitle
2024-07-05 10:08:06 DEBUG: Blog data: [object Object]
2024-07-05 10:08:06 DEBUG: Create blog: mockTitle Successfully
2024-07-05 10:08:06 DEBUG: Start creating blog: mockTitle
2024-07-05 10:08:06 ERROR: ER_001[400] | AppError: Image is required
2024-07-05 10:08:06 DEBUG: Start updating blog: mockTitle
2024-07-05 10:08:06 DEBUG: [Update] Blog id: 1
2024-07-05 10:08:06 DEBUG: Update blog: mockTitle successfully
2024-07-05 10:08:06 DEBUG: Start updating blog: mockTitle
2024-07-05 10:08:06 ERROR: ER_001[400] | AppError: Image not found
2024-07-05 10:08:06 DEBUG: Start deleting blog
2024-07-05 10:08:06 DEBUG: Done deleting blog
2024-07-05 10:08:06 DEBUG: Start deleting blog
2024-07-05 10:08:06 ERROR: ER_003[403] | AppError: Unauthorized to delete this blog
2024-07-05 10:08:06 DEBUG: [ID] Get blog: 1
2024-07-05 10:08:06 ERROR: NF_002[404] | AppError: Blog not found
2024-07-05 10:08:06 DEBUG: Registering email: test@gmail.com
2024-07-05 10:08:06 ERROR: ❌ Error connecting to PostgreSQL
2024-07-05 10:08:06 DEBUG: Register email: test@gmail.com Successfully
2024-07-05 10:08:06 DEBUG: Registering email: test@gmail.com
2024-07-05 10:08:06 DEBUG: Registering email: test@gmail.com
2024-07-05 10:08:07 DEBUG: Using HS256 algorithm to sign token: mockedToken
2024-07-05 10:08:07 ERROR: ❌ Error connecting to PostgreSQL
2024-07-05 10:08:18 DEBUG: Start Creating user
2024-07-05 10:08:18 DEBUG: Done Creating user
2024-07-05 10:08:18 ERROR: ❌ Error connecting to PostgreSQL
2024-07-05 10:08:18 ERROR: ❌ Error connecting to PostgreSQL
2024-07-05 10:08:18 DEBUG: Start Creating user
2024-07-05 10:08:18 ERROR: ER_001[400] | AppError: All fields are required
2024-07-05 10:08:18 DEBUG: Starting login with email: test@gmail.com
2024-07-05 10:08:18 DEBUG: Login with email: test@gmail.com Success
2024-07-05 10:08:18 DEBUG: Starting login with email: test@gmail.com
2024-07-05 10:08:18 ERROR: ER_001[400] | AppError: Login fail (wrong email or password)
2024-07-05 10:08:18 DEBUG: AuthToken:
2024-07-05 10:08:18 DEBUG: [Token] Get email: test@gmail.com Success
2024-07-05 10:08:18 DEBUG: AuthToken:
2024-07-05 10:08:18 ERROR: ER_002[401] | AppError: User did not login yet
2024-07-05 10:08:18 DEBUG: [ID] Get email: test@gmail.com Success
2024-07-05 10:08:18 ERROR: NF_001[404] | AppError: User not found
2024-07-05 10:08:18 DEBUG: Clearing token: mockedToken success
2024-07-05 10:08:19 ERROR: Token not found
2024-07-05 10:08:19 ERROR: ER_002[401] | AppError: Unauthorized
2024-07-05 10:08:19 DEBUG: Registering email: test@gmail.com
2024-07-05 10:08:19 ERROR: ❌ Error connecting to PostgreSQL
2024-07-05 10:08:19 DEBUG: Register email: test@gmail.com Successfully
2024-07-05 10:08:19 DEBUG: Registering email: test@gmail.com
2024-07-05 10:08:19 DEBUG: Registering email: test@gmail.com
2024-07-05 10:08:19 DEBUG: Using HS256 algorithm to sign token: mockedToken
2024-07-05 10:08:19 DEBUG: Start getting blogs
2024-07-05 10:08:19 ERROR: ❌ Error connecting to PostgreSQL
2024-07-05 10:08:19 ERROR: ❌ Error connecting to PostgreSQL
2024-07-05 10:08:19 DEBUG: Getting all blogs success
2024-07-05 10:08:19 DEBUG: Start creating blog: mockTitle
2024-07-05 10:08:19 DEBUG: Blog data: [object Object]
2024-07-05 10:08:19 DEBUG: Create blog: mockTitle Successfully
2024-07-05 10:08:19 DEBUG: Start creating blog: mockTitle
2024-07-05 10:08:19 ERROR: ER_001[400] | AppError: Image is required
2024-07-05 10:08:19 DEBUG: Start updating blog: mockTitle
2024-07-05 10:08:19 DEBUG: [Update] Blog id: 1
2024-07-05 10:08:19 DEBUG: Update blog: mockTitle successfully
2024-07-05 10:08:19 DEBUG: Start updating blog: mockTitle
2024-07-05 10:08:19 ERROR: ER_001[400] | AppError: Image not found
2024-07-05 10:08:19 DEBUG: Start deleting blog
2024-07-05 10:08:19 DEBUG: Done deleting blog
2024-07-05 10:08:19 DEBUG: Start deleting blog
2024-07-05 10:08:19 ERROR: ER_003[403] | AppError: Unauthorized to delete this blog
2024-07-05 10:08:19 DEBUG: [ID] Get blog: 1
2024-07-05 10:08:19 ERROR: NF_002[404] | AppError: Blog not found
2024-07-05 10:08:19 ERROR: ❌ Error connecting to PostgreSQL
2024-07-05 10:08:20 ERROR: ❌ Error connecting to PostgreSQL
2024-07-05 10:08:20 DEBUG: Start Creating user
2024-07-05 10:08:20 DEBUG: Done Creating user
2024-07-05 10:08:20 ERROR: ❌ Error connecting to PostgreSQL
2024-07-05 10:08:20 ERROR: ❌ Error connecting to PostgreSQL
2024-07-05 10:08:20 DEBUG: Start Creating user
2024-07-05 10:08:20 ERROR: ER_001[400] | AppError: All fields are required
2024-07-05 10:08:20 DEBUG: Starting login with email: test@gmail.com
2024-07-05 10:08:20 DEBUG: Login with email: test@gmail.com Success
2024-07-05 10:08:20 DEBUG: Starting login with email: test@gmail.com
2024-07-05 10:08:20 ERROR: ER_001[400] | AppError: Login fail (wrong email or password)
2024-07-05 10:08:20 DEBUG: AuthToken:
2024-07-05 10:08:20 DEBUG: [Token] Get email: test@gmail.com Success
2024-07-05 10:08:20 DEBUG: AuthToken:
2024-07-05 10:08:20 ERROR: ER_002[401] | AppError: User did not login yet
2024-07-05 10:08:20 DEBUG: [ID] Get email: test@gmail.com Success
2024-07-05 10:08:20 ERROR: NF_001[404] | AppError: User not found
2024-07-05 10:08:20 DEBUG: Clearing token: mockedToken success
2024-07-05 10:08:20 ERROR: Token not found
2024-07-05 10:08:20 ERROR: ER_002[401] | AppError: Unauthorized
2024-07-05 10:08:21 DEBUG: Start getting blogs
2024-07-05 10:08:21 ERROR: ❌ Error connecting to PostgreSQL
2024-07-05 10:08:21 ERROR: ❌ Error connecting to PostgreSQL
2024-07-05 10:08:21 DEBUG: Getting all blogs success
2024-07-05 10:08:21 DEBUG: Start creating blog: mockTitle
2024-07-05 10:08:21 DEBUG: Blog data: [object Object]
2024-07-05 10:08:21 DEBUG: Create blog: mockTitle Successfully
2024-07-05 10:08:21 DEBUG: Start creating blog: mockTitle
2024-07-05 10:08:21 ERROR: ER_001[400] | AppError: Image is required
2024-07-05 10:08:21 DEBUG: Start updating blog: mockTitle
2024-07-05 10:08:21 DEBUG: [Update] Blog id: 1
2024-07-05 10:08:21 DEBUG: Update blog: mockTitle successfully
2024-07-05 10:08:21 DEBUG: Start updating blog: mockTitle
2024-07-05 10:08:21 ERROR: ER_001[400] | AppError: Image not found
2024-07-05 10:08:21 DEBUG: Start deleting blog
2024-07-05 10:08:21 DEBUG: Done deleting blog
2024-07-05 10:08:21 DEBUG: Start deleting blog
2024-07-05 10:08:21 ERROR: ER_003[403] | AppError: Unauthorized to delete this blog
2024-07-05 10:08:21 DEBUG: [ID] Get blog: 1
2024-07-05 10:08:21 ERROR: NF_002[404] | AppError: Blog not found
2024-07-05 10:08:21 DEBUG: Registering email: test@gmail.com
2024-07-05 10:08:21 ERROR: ❌ Error connecting to PostgreSQL
2024-07-05 10:08:21 DEBUG: Register email: test@gmail.com Successfully
2024-07-05 10:08:21 DEBUG: Registering email: test@gmail.com
2024-07-05 10:08:21 DEBUG: Registering email: test@gmail.com
2024-07-05 10:08:21 DEBUG: Using HS256 algorithm to sign token: mockedToken
2024-07-05 10:08:21 ERROR: ❌ Error connecting to PostgreSQL
2024-07-05 10:08:22 ERROR: ❌ Error connecting to PostgreSQL
2024-07-05 10:09:46 DEBUG: Start Creating user
2024-07-05 10:09:46 DEBUG: Done Creating user
2024-07-05 10:09:46 ERROR: ❌ Error connecting to PostgreSQL
2024-07-05 10:09:46 ERROR: ❌ Error connecting to PostgreSQL
2024-07-05 10:09:46 DEBUG: Start Creating user
2024-07-05 10:09:46 ERROR: ER_001[400] | AppError: All fields are required
2024-07-05 10:09:46 DEBUG: Starting login with email: test@gmail.com
2024-07-05 10:09:46 DEBUG: Login with email: test@gmail.com Success
2024-07-05 10:09:46 DEBUG: Starting login with email: test@gmail.com
2024-07-05 10:09:46 ERROR: ER_001[400] | AppError: Login fail (wrong email or password)
2024-07-05 10:09:46 DEBUG: AuthToken:
2024-07-05 10:09:46 DEBUG: [Token] Get email: test@gmail.com Success
2024-07-05 10:09:46 DEBUG: AuthToken:
2024-07-05 10:09:46 ERROR: ER_002[401] | AppError: User did not login yet
2024-07-05 10:09:46 DEBUG: [ID] Get email: test@gmail.com Success
2024-07-05 10:09:46 ERROR: NF_001[404] | AppError: User not found
2024-07-05 10:09:46 DEBUG: Clearing token: mockedToken success
2024-07-05 10:09:46 ERROR: Token not found
2024-07-05 10:09:46 ERROR: ER_002[401] | AppError: Unauthorized
2024-07-05 10:09:46 DEBUG: Registering email: test@gmail.com
2024-07-05 10:09:46 ERROR: ❌ Error connecting to PostgreSQL
2024-07-05 10:09:46 DEBUG: Register email: test@gmail.com Successfully
2024-07-05 10:09:46 DEBUG: Registering email: test@gmail.com
2024-07-05 10:09:46 DEBUG: Registering email: test@gmail.com
2024-07-05 10:09:46 DEBUG: Using HS256 algorithm to sign token: mockedToken
2024-07-05 10:09:46 DEBUG: Start getting blogs
2024-07-05 10:09:46 ERROR: ❌ Error connecting to PostgreSQL
2024-07-05 10:09:46 ERROR: ❌ Error connecting to PostgreSQL
2024-07-05 10:09:46 DEBUG: Getting all blogs success
2024-07-05 10:09:46 DEBUG: Start creating blog: mockTitle
2024-07-05 10:09:46 DEBUG: Blog data: [object Object]
2024-07-05 10:09:46 DEBUG: Create blog: mockTitle Successfully
2024-07-05 10:09:46 DEBUG: Start creating blog: mockTitle
2024-07-05 10:09:46 ERROR: ER_001[400] | AppError: Image is required
2024-07-05 10:09:46 DEBUG: Start updating blog: mockTitle
2024-07-05 10:09:46 DEBUG: [Update] Blog id: 1
2024-07-05 10:09:46 DEBUG: Update blog: mockTitle successfully
2024-07-05 10:09:46 DEBUG: Start updating blog: mockTitle
2024-07-05 10:09:46 ERROR: ER_001[400] | AppError: Image not found
2024-07-05 10:09:46 DEBUG: Start deleting blog
2024-07-05 10:09:46 DEBUG: Done deleting blog
2024-07-05 10:09:46 DEBUG: Start deleting blog
2024-07-05 10:09:46 ERROR: ER_003[403] | AppError: Unauthorized to delete this blog
2024-07-05 10:09:46 DEBUG: [ID] Get blog: 1
2024-07-05 10:09:46 ERROR: NF_002[404] | AppError: Blog not found
2024-07-05 10:09:47 ERROR: ❌ Error connecting to PostgreSQL
2024-07-05 10:09:47 ERROR: ❌ Error connecting to PostgreSQL
